<?xml version="1.0" encoding="UTF-8"?>
<testng-results skipped="0" failed="0" ignored="0" total="1" passed="1">
  <reporter-output>
  </reporter-output>
  <suite name="Default suite" duration-ms="11137" started-at="2021-02-04T05:03:14Z" finished-at="2021-02-04T05:03:26Z">
    <groups>
    </groups>
    <test name="Default test" duration-ms="11137" started-at="2021-02-04T05:03:14Z" finished-at="2021-02-04T05:03:26Z">
      <class name="com.crm.tests.LoginTest">
        <test-method status="PASS" signature="setup()[pri:0, instance:com.crm.tests.LoginTest@31a5c39e]" name="setup" is-config="true" duration-ms="11103" started-at="2021-02-04T05:03:14Z" finished-at="2021-02-04T05:03:26Z">
          <reporter-output>
          </reporter-output>
        </test-method> <!-- setup -->
        <test-method status="PASS" signature="LoginPage()[pri:0, instance:com.crm.tests.LoginTest@31a5c39e]" name="LoginPage" duration-ms="12" started-at="2021-02-04T05:03:26Z" finished-at="2021-02-04T05:03:26Z">
          <reporter-output>
          </reporter-output>
        </test-method> <!-- LoginPage -->
        <test-method status="PASS" signature="tearDown()[pri:0, instance:com.crm.tests.LoginTest@31a5c39e]" name="tearDown" is-config="true" duration-ms="0" started-at="2021-02-04T05:03:26Z" finished-at="2021-02-04T05:03:26Z">
          <reporter-output>
          </reporter-output>
        </test-method> <!-- tearDown -->
      </class> <!-- com.crm.tests.LoginTest -->
    </test> <!-- Default test -->
  </suite> <!-- Default suite -->
</testng-results>
